<?xml version="1.0" encoding="UTF-8"?>
<testng-results skipped="0" failed="0" ignored="0" total="1" passed="1">
  <reporter-output>
  </reporter-output>
  <suite name="Default suite" duration-ms="46048" started-at="2019-10-31T13:15:51 IST" finished-at="2019-10-31T13:16:37 IST">
    <groups>
    </groups>
    <test name="Default test" duration-ms="46048" started-at="2019-10-31T13:15:51 IST" finished-at="2019-10-31T13:16:37 IST">
      <class name="com.training.sanity.tests.Elearning_Forum_ELTC_044">
        <test-method status="PASS" signature="setUpBeforeClass()[pri:0, instance:com.training.sanity.tests.Elearning_Forum_ELTC_044@79be0360]" name="setUpBeforeClass" is-config="true" duration-ms="14" started-at="2019-10-31T13:15:51 IST" finished-at="2019-10-31T13:15:51 IST">
          <reporter-output>
          </reporter-output>
        </test-method> <!-- setUpBeforeClass -->
        <test-method status="PASS" signature="setUp()[pri:0, instance:com.training.sanity.tests.Elearning_Forum_ELTC_044@79be0360]" name="setUp" is-config="true" duration-ms="12275" started-at="2019-10-31T13:15:51 IST" finished-at="2019-10-31T13:16:03 IST">
          <reporter-output>
          </reporter-output>
        </test-method> <!-- setUp -->
        <test-method status="PASS" signature="validLoginTest()[pri:0, instance:com.training.sanity.tests.Elearning_Forum_ELTC_044@79be0360]" name="validLoginTest" duration-ms="30711" started-at="2019-10-31T13:16:03 IST" finished-at="2019-10-31T13:16:34 IST">
          <reporter-output>
          </reporter-output>
        </test-method> <!-- validLoginTest -->
        <test-method status="PASS" signature="tearDown()[pri:0, instance:com.training.sanity.tests.Elearning_Forum_ELTC_044@79be0360]" name="tearDown" is-config="true" duration-ms="3001" started-at="2019-10-31T13:16:34 IST" finished-at="2019-10-31T13:16:37 IST">
          <reporter-output>
          </reporter-output>
        </test-method> <!-- tearDown -->
      </class> <!-- com.training.sanity.tests.Elearning_Forum_ELTC_044 -->
    </test> <!-- Default test -->
  </suite> <!-- Default suite -->
</testng-results>
